<?xml version="1.0" encoding="UTF-8"?>
<!-- Generated by org.testng.reporters.JUnitXMLReporter -->
<testsuite hostname="DESKTOP-B0A316T" ignored="36" name="Test" tests="37" failures="0" timestamp="10 Jul 2019 22:58:57 GMT" time="30.692" errors="0">
  <testcase name="@BeforeTest initApplication" time="29.08" classname="com.mobiotics.HITSAdmin.constants.BaseTest">
    <failure type="org.openqa.selenium.NoSuchElementException" message="no such element: Unable to locate element: {&amp;quot;method&amp;quot;:&amp;quot;name&amp;quot;,&amp;quot;selector&amp;quot;:&amp;quot;adminid&amp;quot;}
  (Session info: chrome=75.0.3770.100)
  (Driver info: chromedriver=2.43.600210 (68dcf5eebde37173d4027fa8635e332711d2874a),platform=Windows NT 10.0.10240 x86_64) (WARNING: The server did not provide any stacktrace information)
Command duration or timeout: 58 milliseconds
For documentation on this error, please visit: http://seleniumhq.org/exceptions/no_such_element.html
Build info: version: &amp;apos;2.53.1&amp;apos;, revision: &amp;apos;a36b8b1cd5757287168e54b817830adce9b0158d&amp;apos;, time: &amp;apos;2016-06-30 19:26:09&amp;apos;
System info: host: &amp;apos;DESKTOP-B0A316T&amp;apos;, ip: &amp;apos;192.168.0.106&amp;apos;, os.name: &amp;apos;Windows 10&amp;apos;, os.arch: &amp;apos;amd64&amp;apos;, os.version: &amp;apos;10.0&amp;apos;, java.version: &amp;apos;1.8.0_201&amp;apos;
Driver info: org.openqa.selenium.chrome.ChromeDriver
Capabilities [{mobileEmulationEnabled=false, hasTouchScreen=false, platform=XP, acceptSslCerts=false, goog:chromeOptions={debuggerAddress=localhost:52593}, acceptInsecureCerts=false, webStorageEnabled=true, browserName=chrome, takesScreenshot=true, javascriptEnabled=true, setWindowRect=true, unexpectedAlertBehaviour=, applicationCacheEnabled=false, rotatable=false, networkConnectionEnabled=false, chrome={chromedriverVersion=2.43.600210 (68dcf5eebde37173d4027fa8635e332711d2874a), userDataDir=C:\Users\Sakshi\AppData\Local\Temp\scoped_dir472_28102}, takesHeapSnapshot=true, pageLoadStrategy=normal, databaseEnabled=false, handlesAlerts=true, version=75.0.3770.100, browserConnectionEnabled=false, nativeEvents=true, locationContextEnabled=true, cssSelectorsEnabled=true}]
Session ID: b800939197efd62d66fad23bc0e88dcd
*** Element info: {Using=name, value=adminid}">
      <![CDATA[org.openqa.selenium.NoSuchElementException: no such element: Unable to locate element: {"method":"name","selector":"adminid"}
  (Session info: chrome=75.0.3770.100)
  (Driver info: chromedriver=2.43.600210 (68dcf5eebde37173d4027fa8635e332711d2874a),platform=Windows NT 10.0.10240 x86_64) (WARNING: The server did not provide any stacktrace information)
Command duration or timeout: 58 milliseconds
For documentation on this error, please visit: http://seleniumhq.org/exceptions/no_such_element.html
Build info: version: '2.53.1', revision: 'a36b8b1cd5757287168e54b817830adce9b0158d', time: '2016-06-30 19:26:09'
System info: host: 'DESKTOP-B0A316T', ip: '192.168.0.106', os.name: 'Windows 10', os.arch: 'amd64', os.version: '10.0', java.version: '1.8.0_201'
Driver info: org.openqa.selenium.chrome.ChromeDriver
Capabilities [{mobileEmulationEnabled=false, hasTouchScreen=false, platform=XP, acceptSslCerts=false, goog:chromeOptions={debuggerAddress=localhost:52593}, acceptInsecureCerts=false, webStorageEnabled=true, browserName=chrome, takesScreenshot=true, javascriptEnabled=true, setWindowRect=true, unexpectedAlertBehaviour=, applicationCacheEnabled=false, rotatable=false, networkConnectionEnabled=false, chrome={chromedriverVersion=2.43.600210 (68dcf5eebde37173d4027fa8635e332711d2874a), userDataDir=C:\Users\Sakshi\AppData\Local\Temp\scoped_dir472_28102}, takesHeapSnapshot=true, pageLoadStrategy=normal, databaseEnabled=false, handlesAlerts=true, version=75.0.3770.100, browserConnectionEnabled=false, nativeEvents=true, locationContextEnabled=true, cssSelectorsEnabled=true}]
Session ID: b800939197efd62d66fad23bc0e88dcd
*** Element info: {Using=name, value=adminid}
at org.openqa.selenium.remote.ErrorHandler.createThrowable(ErrorHandler.java:206)
at org.openqa.selenium.remote.ErrorHandler.throwIfResponseFailed(ErrorHandler.java:158)
at org.openqa.selenium.remote.RemoteWebDriver.execute(RemoteWebDriver.java:678)
at org.openqa.selenium.remote.RemoteWebDriver.findElement(RemoteWebDriver.java:363)
at org.openqa.selenium.remote.RemoteWebDriver.findElementByName(RemoteWebDriver.java:461)
at org.openqa.selenium.By$ByName.findElement(By.java:303)
at org.openqa.selenium.remote.RemoteWebDriver.findElement(RemoteWebDriver.java:355)
at org.openqa.selenium.support.pagefactory.DefaultElementLocator.findElement(DefaultElementLocator.java:69)
at org.openqa.selenium.support.pagefactory.internal.LocatingElementHandler.invoke(LocatingElementHandler.java:38)
at com.sun.proxy.$Proxy6.sendKeys(Unknown Source)
at com.mobiotics.HITSAdmin.commonpages.LoginPage.login(LoginPage.java:31)
at com.mobiotics.HITSAdmin.constants.BaseTest.preCondition(BaseTest.java:94)
at com.mobiotics.HITSAdmin.constants.BaseTest.initApplication(BaseTest.java:84)
... Removed 28 stack frames]]>
    </failure>
  </testcase> <!-- @BeforeTest initApplication -->
  <testcase name="testOperatorsLCOMethod" time="0.0" classname="com.mobiotics.HITSAdmin.tstCases.TC_OperatorsLCO_01">
    <skipped/>
  </testcase> <!-- testOperatorsLCOMethod -->
  <testcase name="operatorsTestMethod" time="0.0" classname="com.mobiotics.HITSAdmin.tstCases.TC_OperatorsMSO_02">
    <skipped/>
  </testcase> <!-- operatorsTestMethod -->
  <testcase name="testOperatorsDPOMethod" time="0.0" classname="com.mobiotics.HITSAdmin.tstCases.TC_OperatorsDPO_03">
    <skipped/>
  </testcase> <!-- testOperatorsDPOMethod -->
  <testcase name="testBulkAddBasePack" time="0.0" classname="com.mobiotics.HITSAdmin.tstCases.TC_Bulk_Activation_BasePack_04">
    <skipped/>
  </testcase> <!-- testBulkAddBasePack -->
  <testcase name="testBulkActivationCreateSubscriber" time="0.0" classname="com.mobiotics.HITSAdmin.tstCases.TC_Bulk_Activation_CreateSubscriber_05">
    <skipped/>
  </testcase> <!-- testBulkActivationCreateSubscriber -->
  <testcase name="testBulkHardwareRetrackMethod" time="0.0" classname="com.mobiotics.HITSAdmin.tstCases.TC_Bulk_Hardware_Retrack_06">
    <skipped/>
  </testcase> <!-- testBulkHardwareRetrackMethod -->
  <testcase name="testBulkHardwareRconnectMethod" time="0.0" classname="com.mobiotics.HITSAdmin.tstCases.TC_Bulk_Hardware_Reconnect_07">
    <skipped/>
  </testcase> <!-- testBulkHardwareRconnectMethod -->
  <testcase name="testBulkHardwareDisconnectMethod" time="0.0" classname="com.mobiotics.HITSAdmin.tstCases.TC_Bulk_Hardware_Disconnect_08">
    <skipped/>
  </testcase> <!-- testBulkHardwareDisconnectMethod -->
  <testcase name="testBulkHardwareCancelProductMethod" time="0.0" classname="com.mobiotics.HITSAdmin.tstCases.TC_Bulk_Hardware_CancelProduct_09">
    <skipped/>
  </testcase> <!-- testBulkHardwareCancelProductMethod -->
  <testcase name="testBulkHardwareRepacementMethod" time="0.0" classname="com.mobiotics.HITSAdmin.tstCases.TC_Bulk_Hardware_HardwareReplacement_10">
    <skipped/>
  </testcase> <!-- testBulkHardwareRepacementMethod -->
  <testcase name="testBulkHardwareSendOSDMethod" time="0.0" classname="com.mobiotics.HITSAdmin.tstCases.TC_Bulk_Hardware_SendOSD_11">
    <skipped/>
  </testcase> <!-- testBulkHardwareSendOSDMethod -->
  <testcase name="testBulkProductAssignMethod" time="0.0" classname="com.mobiotics.HITSAdmin.tstCases.TC_Bulk_Product_Assign_12">
    <skipped/>
  </testcase> <!-- testBulkProductAssignMethod -->
  <testcase name="bulkProductRemovetestMethod" time="0.0" classname="com.mobiotics.HITSAdmin.tstCases.TC_Bulk_Product_Remove_13">
    <skipped/>
  </testcase> <!-- bulkProductRemovetestMethod -->
  <testcase name="bulkCustomerChangeTypeAndClassMethod" time="0.0" classname="com.mobiotics.HITSAdmin.tstCases.TC_Bulk_Customer_ChangeTypeAndClass_14">
    <skipped/>
  </testcase> <!-- bulkCustomerChangeTypeAndClassMethod -->
  <testcase name="bulkFinancePayBillsTestMethod" time="0.0" classname="com.mobiotics.HITSAdmin.tstCases.TC_Bulk_Finance_PayBills_15">
    <skipped/>
  </testcase> <!-- bulkFinancePayBillsTestMethod -->
  <testcase name="bulkFinanceFinancialAccountsTestMethod" time="0.0" classname="com.mobiotics.HITSAdmin.tstCases.TC_Bulk_Finance_FinancialAccounts_16">
    <skipped/>
  </testcase> <!-- bulkFinanceFinancialAccountsTestMethod -->
  <testcase name="bulkAdjustmentCreditMethod" time="0.0" classname="com.mobiotics.HITSAdmin.tstCases.TC_Bulk_Adjustment_Credit_17">
    <skipped/>
  </testcase> <!-- bulkAdjustmentCreditMethod -->
  <testcase name="bulkAdjustmentDebitMethod" time="0.0" classname="com.mobiotics.HITSAdmin.tstCases.TC_Bullk_Adjustment_Debit_18">
    <skipped/>
  </testcase> <!-- bulkAdjustmentDebitMethod -->
  <testcase name="reportCoreListCustomerTestMethod" time="0.0" classname="com.mobiotics.HITSAdmin.tstCases.TC_Report_Core_ListCustomer_19">
    <skipped/>
  </testcase> <!-- reportCoreListCustomerTestMethod -->
  <testcase name="reportCoreListDevicesTestMethod" time="0.0" classname="com.mobiotics.HITSAdmin.tstCases.TC_Report_Core_ListDevices_20">
    <skipped/>
  </testcase> <!-- reportCoreListDevicesTestMethod -->
  <testcase name="reportCoreListConnectionsTestMethod" time="0.0" classname="com.mobiotics.HITSAdmin.tstCases.TC_Report_Core_ListConnections_21">
    <skipped/>
  </testcase> <!-- reportCoreListConnectionsTestMethod -->
  <testcase name="reportCoreListSuspensionTestMethod" time="0.0" classname="com.mobiotics.HITSAdmin.tstCases.TC_Report_Core_ListSuspension_23">
    <skipped/>
  </testcase> <!-- reportCoreListSuspensionTestMethod -->
  <testcase name="reportCoreActivationsTestMethod" time="0.0" classname="com.mobiotics.HITSAdmin.tstCases.TC_Report_Core_ListActivations_22">
    <skipped/>
  </testcase> <!-- reportCoreActivationsTestMethod -->
  <testcase name="reportCoreProductAssignmentTestMethod" time="0.0" classname="com.mobiotics.HITSAdmin.tstCases.TC_Report_Core_Product_Assignment_24">
    <skipped/>
  </testcase> <!-- reportCoreProductAssignmentTestMethod -->
  <testcase name="reportCoreJobReportTestMethod" time="0.0" classname="com.mobiotics.HITSAdmin.tstCases.TC_Report_Core_JobReport_24">
    <skipped/>
  </testcase> <!-- reportCoreJobReportTestMethod -->
  <testcase name="reportFinanceListPaymentsTestMethod" time="0.0" classname="com.mobiotics.HITSAdmin.tstCases.TC_Report_Finance_ListPayments_25">
    <skipped/>
  </testcase> <!-- reportFinanceListPaymentsTestMethod -->
  <testcase name="reportFinancePayForBoxTestMethod" time="0.0" classname="com.mobiotics.HITSAdmin.tstCases.TC_Report_Finance_PayForBox_26">
    <skipped/>
  </testcase> <!-- reportFinancePayForBoxTestMethod -->
  <testcase name="reportFinanceGSTReportTestMethod" time="0.0" classname="com.mobiotics.HITSAdmin.tstCases.TC_Report_Finance_GSTReport_27">
    <skipped/>
  </testcase> <!-- reportFinanceGSTReportTestMethod -->
  <testcase name="reportFinancePayBillsTestMethod" time="0.0" classname="com.mobiotics.HITSAdmin.tstCases.TC_Report_Finance_PayBills_28">
    <skipped/>
  </testcase> <!-- reportFinancePayBillsTestMethod -->
  <testcase name="reportRefundReportTestMethod" time="0.0" classname="com.mobiotics.HITSAdmin.tstCases.TC_Report_RefundReport_29">
    <skipped/>
  </testcase> <!-- reportRefundReportTestMethod -->
  <testcase name="testListMessageMethod" time="0.0" classname="com.mobiotics.HITSAdmin.tstCases.TC_MessageListMessage_30">
    <skipped/>
  </testcase> <!-- testListMessageMethod -->
  <testcase name="testAddScrollMethod" time="0.0" classname="com.mobiotics.HITSAdmin.tstCases.TC_MessageAddScroll_31">
    <skipped/>
  </testcase> <!-- testAddScrollMethod -->
  <testcase name="testSetDueDateMethod" time="0.0" classname="com.mobiotics.HITSAdmin.tstCases.TC_SetDueDate_31">
    <skipped/>
  </testcase> <!-- testSetDueDateMethod -->
  <testcase name="testAddSubuserMethod" time="0.0" classname="com.mobiotics.HITSAdmin.tstCases.TC_SubuserAddSubuser_32">
    <skipped/>
  </testcase> <!-- testAddSubuserMethod -->
  <testcase name="testModifySubuserTest" time="0.0" classname="com.mobiotics.HITSAdmin.tstCases.TC_SubuserModifySubuser_33">
    <skipped/>
  </testcase> <!-- testModifySubuserTest -->
  <testcase name="testListBanksMethod" time="0.0" classname="com.mobiotics.HITSAdmin.tstCases.TC_BanksListBanks_34">
    <skipped/>
  </testcase> <!-- testListBanksMethod -->
  <testcase name="maintenanceTestMethod" time="0.0" classname="com.mobiotics.HITSAdmin.tstCases.TC_Maintenance">
    <skipped/>
  </testcase> <!-- maintenanceTestMethod -->
  <testcase name="@BeforeTest initApplication" time="0.0" classname="com.mobiotics.HITSAdmin.constants.BaseTest">
    <ignored/>
  </testcase> <!-- @BeforeTest initApplication -->
  <testcase name="@BeforeTest initApplication" time="0.0" classname="com.mobiotics.HITSAdmin.constants.BaseTest">
    <ignored/>
  </testcase> <!-- @BeforeTest initApplication -->
  <testcase name="@BeforeTest initApplication" time="0.0" classname="com.mobiotics.HITSAdmin.constants.BaseTest">
    <ignored/>
  </testcase> <!-- @BeforeTest initApplication -->
  <testcase name="@BeforeTest initApplication" time="0.0" classname="com.mobiotics.HITSAdmin.constants.BaseTest">
    <ignored/>
  </testcase> <!-- @BeforeTest initApplication -->
  <testcase name="@BeforeTest initApplication" time="0.0" classname="com.mobiotics.HITSAdmin.constants.BaseTest">
    <ignored/>
  </testcase> <!-- @BeforeTest initApplication -->
  <testcase name="@BeforeTest initApplication" time="0.0" classname="com.mobiotics.HITSAdmin.constants.BaseTest">
    <ignored/>
  </testcase> <!-- @BeforeTest initApplication -->
  <testcase name="@BeforeTest initApplication" time="0.0" classname="com.mobiotics.HITSAdmin.constants.BaseTest">
    <ignored/>
  </testcase> <!-- @BeforeTest initApplication -->
  <testcase name="@BeforeTest initApplication" time="0.0" classname="com.mobiotics.HITSAdmin.constants.BaseTest">
    <ignored/>
  </testcase> <!-- @BeforeTest initApplication -->
  <testcase name="@BeforeTest initApplication" time="0.0" classname="com.mobiotics.HITSAdmin.constants.BaseTest">
    <ignored/>
  </testcase> <!-- @BeforeTest initApplication -->
  <testcase name="@BeforeTest initApplication" time="0.0" classname="com.mobiotics.HITSAdmin.constants.BaseTest">
    <ignored/>
  </testcase> <!-- @BeforeTest initApplication -->
  <testcase name="@BeforeTest initApplication" time="0.0" classname="com.mobiotics.HITSAdmin.constants.BaseTest">
    <ignored/>
  </testcase> <!-- @BeforeTest initApplication -->
  <testcase name="@BeforeTest initApplication" time="0.0" classname="com.mobiotics.HITSAdmin.constants.BaseTest">
    <ignored/>
  </testcase> <!-- @BeforeTest initApplication -->
  <testcase name="@BeforeTest initApplication" time="0.0" classname="com.mobiotics.HITSAdmin.constants.BaseTest">
    <ignored/>
  </testcase> <!-- @BeforeTest initApplication -->
  <testcase name="@BeforeTest initApplication" time="0.0" classname="com.mobiotics.HITSAdmin.constants.BaseTest">
    <ignored/>
  </testcase> <!-- @BeforeTest initApplication -->
  <testcase name="@BeforeTest initApplication" time="0.0" classname="com.mobiotics.HITSAdmin.constants.BaseTest">
    <ignored/>
  </testcase> <!-- @BeforeTest initApplication -->
  <testcase name="@BeforeTest initApplication" time="0.0" classname="com.mobiotics.HITSAdmin.constants.BaseTest">
    <ignored/>
  </testcase> <!-- @BeforeTest initApplication -->
  <testcase name="@BeforeTest initApplication" time="0.0" classname="com.mobiotics.HITSAdmin.constants.BaseTest">
    <ignored/>
  </testcase> <!-- @BeforeTest initApplication -->
  <testcase name="@BeforeTest initApplication" time="0.0" classname="com.mobiotics.HITSAdmin.constants.BaseTest">
    <ignored/>
  </testcase> <!-- @BeforeTest initApplication -->
  <testcase name="@BeforeTest initApplication" time="0.0" classname="com.mobiotics.HITSAdmin.constants.BaseTest">
    <ignored/>
  </testcase> <!-- @BeforeTest initApplication -->
  <testcase name="@BeforeTest initApplication" time="0.0" classname="com.mobiotics.HITSAdmin.constants.BaseTest">
    <ignored/>
  </testcase> <!-- @BeforeTest initApplication -->
  <testcase name="@BeforeTest initApplication" time="0.0" classname="com.mobiotics.HITSAdmin.constants.BaseTest">
    <ignored/>
  </testcase> <!-- @BeforeTest initApplication -->
  <testcase name="@BeforeTest initApplication" time="0.0" classname="com.mobiotics.HITSAdmin.constants.BaseTest">
    <ignored/>
  </testcase> <!-- @BeforeTest initApplication -->
  <testcase name="@BeforeTest initApplication" time="0.0" classname="com.mobiotics.HITSAdmin.constants.BaseTest">
    <ignored/>
  </testcase> <!-- @BeforeTest initApplication -->
  <testcase name="@BeforeTest initApplication" time="0.0" classname="com.mobiotics.HITSAdmin.constants.BaseTest">
    <ignored/>
  </testcase> <!-- @BeforeTest initApplication -->
  <testcase name="@BeforeTest initApplication" time="0.0" classname="com.mobiotics.HITSAdmin.constants.BaseTest">
    <ignored/>
  </testcase> <!-- @BeforeTest initApplication -->
  <testcase name="@BeforeTest initApplication" time="0.0" classname="com.mobiotics.HITSAdmin.constants.BaseTest">
    <ignored/>
  </testcase> <!-- @BeforeTest initApplication -->
  <testcase name="@BeforeTest initApplication" time="0.0" classname="com.mobiotics.HITSAdmin.constants.BaseTest">
    <ignored/>
  </testcase> <!-- @BeforeTest initApplication -->
  <testcase name="@BeforeTest initApplication" time="0.0" classname="com.mobiotics.HITSAdmin.constants.BaseTest">
    <ignored/>
  </testcase> <!-- @BeforeTest initApplication -->
  <testcase name="@BeforeTest initApplication" time="0.0" classname="com.mobiotics.HITSAdmin.constants.BaseTest">
    <ignored/>
  </testcase> <!-- @BeforeTest initApplication -->
  <testcase name="@BeforeTest initApplication" time="0.0" classname="com.mobiotics.HITSAdmin.constants.BaseTest">
    <ignored/>
  </testcase> <!-- @BeforeTest initApplication -->
  <testcase name="@BeforeTest initApplication" time="0.0" classname="com.mobiotics.HITSAdmin.constants.BaseTest">
    <ignored/>
  </testcase> <!-- @BeforeTest initApplication -->
  <testcase name="@BeforeTest initApplication" time="0.0" classname="com.mobiotics.HITSAdmin.constants.BaseTest">
    <ignored/>
  </testcase> <!-- @BeforeTest initApplication -->
  <testcase name="@BeforeTest initApplication" time="0.0" classname="com.mobiotics.HITSAdmin.constants.BaseTest">
    <ignored/>
  </testcase> <!-- @BeforeTest initApplication -->
  <testcase name="@BeforeTest initApplication" time="0.0" classname="com.mobiotics.HITSAdmin.constants.BaseTest">
    <ignored/>
  </testcase> <!-- @BeforeTest initApplication -->
  <testcase name="@BeforeTest initApplication" time="0.0" classname="com.mobiotics.HITSAdmin.constants.BaseTest">
    <ignored/>
  </testcase> <!-- @BeforeTest initApplication -->
  <testcase name="@BeforeTest initApplication" time="0.0" classname="com.mobiotics.HITSAdmin.constants.BaseTest">
    <ignored/>
  </testcase> <!-- @BeforeTest initApplication -->
</testsuite> <!-- Test -->
