<?xml version="1.0" encoding="UTF-8"?>
<testng-results skipped="0" failed="0" ignored="0" total="1" passed="1">
  <reporter-output>
  </reporter-output>
  <suite name="Default suite" duration-ms="43618" started-at="2019-06-14T10:49:41Z" finished-at="2019-06-14T10:50:25Z">
    <groups>
    </groups>
    <test name="Default test" duration-ms="43618" started-at="2019-06-14T10:49:41Z" finished-at="2019-06-14T10:50:25Z">
      <class name="com.mobiotics.HITSAdmin.tstCases.TC_OperatorsMSO">
        <test-method status="PASS" signature="initApplication()[pri:0, instance:com.mobiotics.HITSAdmin.tstCases.TC_OperatorsMSO@24b1d79b]" name="initApplication" is-config="true" duration-ms="15718" started-at="2019-06-14T10:49:41Z" finished-at="2019-06-14T10:49:57Z">
          <reporter-output>
          </reporter-output>
        </test-method> <!-- initApplication -->
        <test-method status="PASS" signature="operatorsTestMethod()[pri:0, instance:com.mobiotics.HITSAdmin.tstCases.TC_OperatorsMSO@24b1d79b]" name="operatorsTestMethod" duration-ms="27825" started-at="2019-06-14T10:49:57Z" finished-at="2019-06-14T10:50:25Z">
          <reporter-output>
          </reporter-output>
        </test-method> <!-- operatorsTestMethod -->
      </class> <!-- com.mobiotics.HITSAdmin.tstCases.TC_OperatorsMSO -->
    </test> <!-- Default test -->
  </suite> <!-- Default suite -->
</testng-results>
